-------------------------------------------------------------------------------
Test set: tn.esprit.infenion.ConsomitounsiApplicationTests
-------------------------------------------------------------------------------
Tests run: 1, Failures: 0, Errors: 1, Skipped: 0, Time elapsed: 2.494 s <<< FAILURE! - in tn.esprit.infenion.ConsomitounsiApplicationTests
contextLoads  Time elapsed: 0.001 s  <<< ERROR!
java.lang.IllegalStateException: Failed to load ApplicationContext
Caused by: org.springframework.beans.factory.BeanCreationException: Error creating bean with name 'entityManagerFactory' defined in class path resource [org/springframework/boot/autoconfigure/orm/jpa/HibernateJpaConfiguration.class]: Invocation of init method failed; nested exception is javax.persistence.PersistenceException: [PersistenceUnit: default] Unable to build Hibernate SessionFactory; nested exception is org.hibernate.MappingException: Repeated column in mapping for entity: tn.esprit.infenion.model.Flow column: id_profil (should be mapped with insert="false" update="false")
Caused by: javax.persistence.PersistenceException: [PersistenceUnit: default] Unable to build Hibernate SessionFactory; nested exception is org.hibernate.MappingException: Repeated column in mapping for entity: tn.esprit.infenion.model.Flow column: id_profil (should be mapped with insert="false" update="false")
Caused by: org.hibernate.MappingException: Repeated column in mapping for entity: tn.esprit.infenion.model.Flow column: id_profil (should be mapped with insert="false" update="false")

